ARM GAS  C:\Users\K\AppData\Local\Temp\ccFQ4DRY.s 			page 1


   1              		.cpu cortex-m3
   2              		.eabi_attribute 20, 1
   3              		.eabi_attribute 21, 1
   4              		.eabi_attribute 23, 3
   5              		.eabi_attribute 24, 1
   6              		.eabi_attribute 25, 1
   7              		.eabi_attribute 26, 1
   8              		.eabi_attribute 30, 1
   9              		.eabi_attribute 34, 1
  10              		.eabi_attribute 18, 4
  11              		.file	"gpio.c"
  12              		.text
  13              	.Ltext0:
  14              		.cfi_sections	.debug_frame
  15              		.section	.text.MX_GPIO_Init,"ax",%progbits
  16              		.align	1
  17              		.global	MX_GPIO_Init
  18              		.arch armv7-m
  19              		.syntax unified
  20              		.thumb
  21              		.thumb_func
  22              		.fpu softvfp
  24              	MX_GPIO_Init:
  25              	.LFB66:
  26              		.file 1 "Src/gpio.c"
   1:Src/gpio.c    **** /**
   2:Src/gpio.c    ****   ******************************************************************************
   3:Src/gpio.c    ****   * File Name          : gpio.c
   4:Src/gpio.c    ****   * Description        : This file provides code for the configuration
   5:Src/gpio.c    ****   *                      of all used GPIO pins.
   6:Src/gpio.c    ****   ******************************************************************************
   7:Src/gpio.c    ****   * @attention
   8:Src/gpio.c    ****   *
   9:Src/gpio.c    ****   * <h2><center>&copy; Copyright (c) 2019 STMicroelectronics.
  10:Src/gpio.c    ****   * All rights reserved.</center></h2>
  11:Src/gpio.c    ****   *
  12:Src/gpio.c    ****   * This software component is licensed by ST under BSD 3-Clause license,
  13:Src/gpio.c    ****   * the "License"; You may not use this file except in compliance with the
  14:Src/gpio.c    ****   * License. You may obtain a copy of the License at:
  15:Src/gpio.c    ****   *                        opensource.org/licenses/BSD-3-Clause
  16:Src/gpio.c    ****   *
  17:Src/gpio.c    ****   ******************************************************************************
  18:Src/gpio.c    ****   */
  19:Src/gpio.c    **** 
  20:Src/gpio.c    **** /* Includes ------------------------------------------------------------------*/
  21:Src/gpio.c    **** #include "gpio.h"
  22:Src/gpio.c    **** /* USER CODE BEGIN 0 */
  23:Src/gpio.c    **** 
  24:Src/gpio.c    **** /* USER CODE END 0 */
  25:Src/gpio.c    **** 
  26:Src/gpio.c    **** /*----------------------------------------------------------------------------*/
  27:Src/gpio.c    **** /* Configure GPIO                                                             */
  28:Src/gpio.c    **** /*----------------------------------------------------------------------------*/
  29:Src/gpio.c    **** /* USER CODE BEGIN 1 */
  30:Src/gpio.c    **** 
  31:Src/gpio.c    **** /* USER CODE END 1 */
  32:Src/gpio.c    **** 
ARM GAS  C:\Users\K\AppData\Local\Temp\ccFQ4DRY.s 			page 2


  33:Src/gpio.c    **** /** Configure pins as 
  34:Src/gpio.c    ****         * Analog 
  35:Src/gpio.c    ****         * Input 
  36:Src/gpio.c    ****         * Output
  37:Src/gpio.c    ****         * EVENT_OUT
  38:Src/gpio.c    ****         * EXTI
  39:Src/gpio.c    **** */
  40:Src/gpio.c    **** void MX_GPIO_Init(void)
  41:Src/gpio.c    **** {
  27              		.loc 1 41 1 view -0
  28              		.cfi_startproc
  29              		@ args = 0, pretend = 0, frame = 24
  30              		@ frame_needed = 0, uses_anonymous_args = 0
  31 0000 30B5     		push	{r4, r5, lr}
  32              	.LCFI0:
  33              		.cfi_def_cfa_offset 12
  34              		.cfi_offset 4, -12
  35              		.cfi_offset 5, -8
  36              		.cfi_offset 14, -4
  37 0002 87B0     		sub	sp, sp, #28
  38              	.LCFI1:
  39              		.cfi_def_cfa_offset 40
  42:Src/gpio.c    **** 
  43:Src/gpio.c    ****   GPIO_InitTypeDef GPIO_InitStruct = {0};
  40              		.loc 1 43 3 view .LVU1
  41              		.loc 1 43 20 is_stmt 0 view .LVU2
  42 0004 0024     		movs	r4, #0
  43 0006 0294     		str	r4, [sp, #8]
  44 0008 0394     		str	r4, [sp, #12]
  45 000a 0494     		str	r4, [sp, #16]
  46 000c 0594     		str	r4, [sp, #20]
  44:Src/gpio.c    **** 
  45:Src/gpio.c    ****   /* GPIO Ports Clock Enable */
  46:Src/gpio.c    ****   __HAL_RCC_GPIOC_CLK_ENABLE();
  47              		.loc 1 46 3 is_stmt 1 view .LVU3
  48              	.LBB2:
  49              		.loc 1 46 3 view .LVU4
  50              		.loc 1 46 3 view .LVU5
  51 000e 134B     		ldr	r3, .L3
  52 0010 9A69     		ldr	r2, [r3, #24]
  53 0012 42F01002 		orr	r2, r2, #16
  54 0016 9A61     		str	r2, [r3, #24]
  55              		.loc 1 46 3 view .LVU6
  56 0018 9A69     		ldr	r2, [r3, #24]
  57 001a 02F01002 		and	r2, r2, #16
  58 001e 0092     		str	r2, [sp]
  59              		.loc 1 46 3 view .LVU7
  60 0020 009A     		ldr	r2, [sp]
  61              	.LBE2:
  47:Src/gpio.c    ****   __HAL_RCC_GPIOA_CLK_ENABLE();
  62              		.loc 1 47 3 view .LVU8
  63              	.LBB3:
  64              		.loc 1 47 3 view .LVU9
  65              		.loc 1 47 3 view .LVU10
  66 0022 9A69     		ldr	r2, [r3, #24]
  67 0024 42F00402 		orr	r2, r2, #4
  68 0028 9A61     		str	r2, [r3, #24]
ARM GAS  C:\Users\K\AppData\Local\Temp\ccFQ4DRY.s 			page 3


  69              		.loc 1 47 3 view .LVU11
  70 002a 9B69     		ldr	r3, [r3, #24]
  71 002c 03F00403 		and	r3, r3, #4
  72 0030 0193     		str	r3, [sp, #4]
  73              		.loc 1 47 3 view .LVU12
  74 0032 019B     		ldr	r3, [sp, #4]
  75              	.LBE3:
  48:Src/gpio.c    **** 
  49:Src/gpio.c    ****   /*Configure GPIO pin Output Level */
  50:Src/gpio.c    ****   HAL_GPIO_WritePin(led1_GPIO_Port, led1_Pin, GPIO_PIN_RESET);
  76              		.loc 1 50 3 view .LVU13
  77 0034 0A4D     		ldr	r5, .L3+4
  78 0036 2246     		mov	r2, r4
  79 0038 0821     		movs	r1, #8
  80 003a 2846     		mov	r0, r5
  81 003c FFF7FEFF 		bl	HAL_GPIO_WritePin
  82              	.LVL0:
  51:Src/gpio.c    **** 
  52:Src/gpio.c    ****   /*Configure GPIO pin : PtPin */
  53:Src/gpio.c    ****   GPIO_InitStruct.Pin = led1_Pin;
  83              		.loc 1 53 3 view .LVU14
  84              		.loc 1 53 23 is_stmt 0 view .LVU15
  85 0040 0823     		movs	r3, #8
  86 0042 0293     		str	r3, [sp, #8]
  54:Src/gpio.c    ****   GPIO_InitStruct.Mode = GPIO_MODE_OUTPUT_PP;
  87              		.loc 1 54 3 is_stmt 1 view .LVU16
  88              		.loc 1 54 24 is_stmt 0 view .LVU17
  89 0044 0123     		movs	r3, #1
  90 0046 0393     		str	r3, [sp, #12]
  55:Src/gpio.c    ****   GPIO_InitStruct.Pull = GPIO_NOPULL;
  91              		.loc 1 55 3 is_stmt 1 view .LVU18
  92              		.loc 1 55 24 is_stmt 0 view .LVU19
  93 0048 0494     		str	r4, [sp, #16]
  56:Src/gpio.c    ****   GPIO_InitStruct.Speed = GPIO_SPEED_FREQ_LOW;
  94              		.loc 1 56 3 is_stmt 1 view .LVU20
  95              		.loc 1 56 25 is_stmt 0 view .LVU21
  96 004a 0223     		movs	r3, #2
  97 004c 0593     		str	r3, [sp, #20]
  57:Src/gpio.c    ****   HAL_GPIO_Init(led1_GPIO_Port, &GPIO_InitStruct);
  98              		.loc 1 57 3 is_stmt 1 view .LVU22
  99 004e 02A9     		add	r1, sp, #8
 100 0050 2846     		mov	r0, r5
 101 0052 FFF7FEFF 		bl	HAL_GPIO_Init
 102              	.LVL1:
  58:Src/gpio.c    **** 
  59:Src/gpio.c    **** }
 103              		.loc 1 59 1 is_stmt 0 view .LVU23
 104 0056 07B0     		add	sp, sp, #28
 105              	.LCFI2:
 106              		.cfi_def_cfa_offset 12
 107              		@ sp needed
 108 0058 30BD     		pop	{r4, r5, pc}
 109              	.L4:
 110 005a 00BF     		.align	2
 111              	.L3:
 112 005c 00100240 		.word	1073876992
 113 0060 00100140 		.word	1073811456
ARM GAS  C:\Users\K\AppData\Local\Temp\ccFQ4DRY.s 			page 4


 114              		.cfi_endproc
 115              	.LFE66:
 117              		.text
 118              	.Letext0:
 119              		.file 2 "c:\\gnu tools arm embedded\\8 2019-q3-update\\arm-none-eabi\\include\\machine\\_default_t
 120              		.file 3 "c:\\gnu tools arm embedded\\8 2019-q3-update\\arm-none-eabi\\include\\sys\\_stdint.h"
 121              		.file 4 "Drivers/CMSIS/Include/core_cm3.h"
 122              		.file 5 "Drivers/CMSIS/Device/ST/STM32F1xx/Include/system_stm32f1xx.h"
 123              		.file 6 "Drivers/CMSIS/Device/ST/STM32F1xx/Include/stm32f103xe.h"
 124              		.file 7 "c:\\gnu tools arm embedded\\8 2019-q3-update\\lib\\gcc\\arm-none-eabi\\8.3.1\\include\\st
 125              		.file 8 "c:\\gnu tools arm embedded\\8 2019-q3-update\\arm-none-eabi\\include\\sys\\_types.h"
 126              		.file 9 "c:\\gnu tools arm embedded\\8 2019-q3-update\\arm-none-eabi\\include\\sys\\reent.h"
 127              		.file 10 "c:\\gnu tools arm embedded\\8 2019-q3-update\\arm-none-eabi\\include\\sys\\lock.h"
 128              		.file 11 "Drivers/STM32F1xx_HAL_Driver/Inc/stm32f1xx_hal_gpio.h"
 129              		.file 12 "Drivers/STM32F1xx_HAL_Driver/Inc/stm32f1xx_hal.h"
ARM GAS  C:\Users\K\AppData\Local\Temp\ccFQ4DRY.s 			page 5


DEFINED SYMBOLS
                            *ABS*:00000000 gpio.c
C:\Users\K\AppData\Local\Temp\ccFQ4DRY.s:16     .text.MX_GPIO_Init:00000000 $t
C:\Users\K\AppData\Local\Temp\ccFQ4DRY.s:24     .text.MX_GPIO_Init:00000000 MX_GPIO_Init
C:\Users\K\AppData\Local\Temp\ccFQ4DRY.s:112    .text.MX_GPIO_Init:0000005c $d

UNDEFINED SYMBOLS
HAL_GPIO_WritePin
HAL_GPIO_Init
