ARM GAS  C:\Users\K\AppData\Local\Temp\ccXhQY01.s 			page 1


   1              		.cpu cortex-m3
   2              		.eabi_attribute 20, 1
   3              		.eabi_attribute 21, 1
   4              		.eabi_attribute 23, 3
   5              		.eabi_attribute 24, 1
   6              		.eabi_attribute 25, 1
   7              		.eabi_attribute 26, 1
   8              		.eabi_attribute 30, 1
   9              		.eabi_attribute 34, 1
  10              		.eabi_attribute 18, 4
  11              		.file	"usart.c"
  12              		.text
  13              	.Ltext0:
  14              		.cfi_sections	.debug_frame
  15              		.section	.text.MX_USART1_UART_Init,"ax",%progbits
  16              		.align	1
  17              		.global	MX_USART1_UART_Init
  18              		.arch armv7-m
  19              		.syntax unified
  20              		.thumb
  21              		.thumb_func
  22              		.fpu softvfp
  24              	MX_USART1_UART_Init:
  25              	.LFB66:
  26              		.file 1 "Src/usart.c"
   1:Src/usart.c   **** /**
   2:Src/usart.c   ****   ******************************************************************************
   3:Src/usart.c   ****   * File Name          : USART.c
   4:Src/usart.c   ****   * Description        : This file provides code for the configuration
   5:Src/usart.c   ****   *                      of the USART instances.
   6:Src/usart.c   ****   ******************************************************************************
   7:Src/usart.c   ****   * @attention
   8:Src/usart.c   ****   *
   9:Src/usart.c   ****   * <h2><center>&copy; Copyright (c) 2019 STMicroelectronics.
  10:Src/usart.c   ****   * All rights reserved.</center></h2>
  11:Src/usart.c   ****   *
  12:Src/usart.c   ****   * This software component is licensed by ST under BSD 3-Clause license,
  13:Src/usart.c   ****   * the "License"; You may not use this file except in compliance with the
  14:Src/usart.c   ****   * License. You may obtain a copy of the License at:
  15:Src/usart.c   ****   *                        opensource.org/licenses/BSD-3-Clause
  16:Src/usart.c   ****   *
  17:Src/usart.c   ****   ******************************************************************************
  18:Src/usart.c   ****   */
  19:Src/usart.c   **** 
  20:Src/usart.c   **** /* Includes ------------------------------------------------------------------*/
  21:Src/usart.c   **** #include "usart.h"
  22:Src/usart.c   **** 
  23:Src/usart.c   **** /* USER CODE BEGIN 0 */
  24:Src/usart.c   **** 
  25:Src/usart.c   **** /* USER CODE END 0 */
  26:Src/usart.c   **** 
  27:Src/usart.c   **** UART_HandleTypeDef huart1;
  28:Src/usart.c   **** 
  29:Src/usart.c   **** /* USART1 init function */
  30:Src/usart.c   **** 
  31:Src/usart.c   **** void MX_USART1_UART_Init(void)
  32:Src/usart.c   **** {
ARM GAS  C:\Users\K\AppData\Local\Temp\ccXhQY01.s 			page 2


  27              		.loc 1 32 1 view -0
  28              		.cfi_startproc
  29              		@ args = 0, pretend = 0, frame = 0
  30              		@ frame_needed = 0, uses_anonymous_args = 0
  31 0000 08B5     		push	{r3, lr}
  32              	.LCFI0:
  33              		.cfi_def_cfa_offset 8
  34              		.cfi_offset 3, -8
  35              		.cfi_offset 14, -4
  33:Src/usart.c   **** 
  34:Src/usart.c   ****   huart1.Instance = USART1;
  36              		.loc 1 34 3 view .LVU1
  37              		.loc 1 34 19 is_stmt 0 view .LVU2
  38 0002 0A48     		ldr	r0, .L5
  39 0004 0A4B     		ldr	r3, .L5+4
  40 0006 0360     		str	r3, [r0]
  35:Src/usart.c   ****   huart1.Init.BaudRate = 115200;
  41              		.loc 1 35 3 is_stmt 1 view .LVU3
  42              		.loc 1 35 24 is_stmt 0 view .LVU4
  43 0008 4FF4E133 		mov	r3, #115200
  44 000c 4360     		str	r3, [r0, #4]
  36:Src/usart.c   ****   huart1.Init.WordLength = UART_WORDLENGTH_8B;
  45              		.loc 1 36 3 is_stmt 1 view .LVU5
  46              		.loc 1 36 26 is_stmt 0 view .LVU6
  47 000e 0023     		movs	r3, #0
  48 0010 8360     		str	r3, [r0, #8]
  37:Src/usart.c   ****   huart1.Init.StopBits = UART_STOPBITS_1;
  49              		.loc 1 37 3 is_stmt 1 view .LVU7
  50              		.loc 1 37 24 is_stmt 0 view .LVU8
  51 0012 C360     		str	r3, [r0, #12]
  38:Src/usart.c   ****   huart1.Init.Parity = UART_PARITY_NONE;
  52              		.loc 1 38 3 is_stmt 1 view .LVU9
  53              		.loc 1 38 22 is_stmt 0 view .LVU10
  54 0014 0361     		str	r3, [r0, #16]
  39:Src/usart.c   ****   huart1.Init.Mode = UART_MODE_TX_RX;
  55              		.loc 1 39 3 is_stmt 1 view .LVU11
  56              		.loc 1 39 20 is_stmt 0 view .LVU12
  57 0016 0C22     		movs	r2, #12
  58 0018 4261     		str	r2, [r0, #20]
  40:Src/usart.c   ****   huart1.Init.HwFlowCtl = UART_HWCONTROL_NONE;
  59              		.loc 1 40 3 is_stmt 1 view .LVU13
  60              		.loc 1 40 25 is_stmt 0 view .LVU14
  61 001a 8361     		str	r3, [r0, #24]
  41:Src/usart.c   ****   huart1.Init.OverSampling = UART_OVERSAMPLING_16;
  62              		.loc 1 41 3 is_stmt 1 view .LVU15
  63              		.loc 1 41 28 is_stmt 0 view .LVU16
  64 001c C361     		str	r3, [r0, #28]
  42:Src/usart.c   ****   if (HAL_UART_Init(&huart1) != HAL_OK)
  65              		.loc 1 42 3 is_stmt 1 view .LVU17
  66              		.loc 1 42 7 is_stmt 0 view .LVU18
  67 001e FFF7FEFF 		bl	HAL_UART_Init
  68              	.LVL0:
  69              		.loc 1 42 6 view .LVU19
  70 0022 00B9     		cbnz	r0, .L4
  71              	.L1:
  43:Src/usart.c   ****   {
  44:Src/usart.c   ****     Error_Handler();
ARM GAS  C:\Users\K\AppData\Local\Temp\ccXhQY01.s 			page 3


  45:Src/usart.c   ****   }
  46:Src/usart.c   **** 
  47:Src/usart.c   **** }
  72              		.loc 1 47 1 view .LVU20
  73 0024 08BD     		pop	{r3, pc}
  74              	.L4:
  44:Src/usart.c   ****   }
  75              		.loc 1 44 5 is_stmt 1 view .LVU21
  76 0026 FFF7FEFF 		bl	Error_Handler
  77              	.LVL1:
  78              		.loc 1 47 1 is_stmt 0 view .LVU22
  79 002a FBE7     		b	.L1
  80              	.L6:
  81              		.align	2
  82              	.L5:
  83 002c 00000000 		.word	huart1
  84 0030 00380140 		.word	1073821696
  85              		.cfi_endproc
  86              	.LFE66:
  88              		.section	.text.HAL_UART_MspInit,"ax",%progbits
  89              		.align	1
  90              		.global	HAL_UART_MspInit
  91              		.syntax unified
  92              		.thumb
  93              		.thumb_func
  94              		.fpu softvfp
  96              	HAL_UART_MspInit:
  97              	.LVL2:
  98              	.LFB67:
  48:Src/usart.c   **** 
  49:Src/usart.c   **** void HAL_UART_MspInit(UART_HandleTypeDef* uartHandle)
  50:Src/usart.c   **** {
  99              		.loc 1 50 1 is_stmt 1 view -0
 100              		.cfi_startproc
 101              		@ args = 0, pretend = 0, frame = 24
 102              		@ frame_needed = 0, uses_anonymous_args = 0
 103              		.loc 1 50 1 is_stmt 0 view .LVU24
 104 0000 10B5     		push	{r4, lr}
 105              	.LCFI1:
 106              		.cfi_def_cfa_offset 8
 107              		.cfi_offset 4, -8
 108              		.cfi_offset 14, -4
 109 0002 86B0     		sub	sp, sp, #24
 110              	.LCFI2:
 111              		.cfi_def_cfa_offset 32
  51:Src/usart.c   **** 
  52:Src/usart.c   ****   GPIO_InitTypeDef GPIO_InitStruct = {0};
 112              		.loc 1 52 3 is_stmt 1 view .LVU25
 113              		.loc 1 52 20 is_stmt 0 view .LVU26
 114 0004 0023     		movs	r3, #0
 115 0006 0293     		str	r3, [sp, #8]
 116 0008 0393     		str	r3, [sp, #12]
 117 000a 0493     		str	r3, [sp, #16]
 118 000c 0593     		str	r3, [sp, #20]
  53:Src/usart.c   ****   if(uartHandle->Instance==USART1)
 119              		.loc 1 53 3 is_stmt 1 view .LVU27
 120              		.loc 1 53 16 is_stmt 0 view .LVU28
ARM GAS  C:\Users\K\AppData\Local\Temp\ccXhQY01.s 			page 4


 121 000e 0268     		ldr	r2, [r0]
 122              		.loc 1 53 5 view .LVU29
 123 0010 174B     		ldr	r3, .L11
 124 0012 9A42     		cmp	r2, r3
 125 0014 01D0     		beq	.L10
 126              	.LVL3:
 127              	.L7:
  54:Src/usart.c   ****   {
  55:Src/usart.c   ****   /* USER CODE BEGIN USART1_MspInit 0 */
  56:Src/usart.c   **** 
  57:Src/usart.c   ****   /* USER CODE END USART1_MspInit 0 */
  58:Src/usart.c   ****     /* USART1 clock enable */
  59:Src/usart.c   ****     __HAL_RCC_USART1_CLK_ENABLE();
  60:Src/usart.c   ****   
  61:Src/usart.c   ****     __HAL_RCC_GPIOA_CLK_ENABLE();
  62:Src/usart.c   ****     /**USART1 GPIO Configuration    
  63:Src/usart.c   ****     PA9     ------> USART1_TX
  64:Src/usart.c   ****     PA10     ------> USART1_RX 
  65:Src/usart.c   ****     */
  66:Src/usart.c   ****     GPIO_InitStruct.Pin = GPIO_PIN_9;
  67:Src/usart.c   ****     GPIO_InitStruct.Mode = GPIO_MODE_AF_PP;
  68:Src/usart.c   ****     GPIO_InitStruct.Speed = GPIO_SPEED_FREQ_HIGH;
  69:Src/usart.c   ****     HAL_GPIO_Init(GPIOA, &GPIO_InitStruct);
  70:Src/usart.c   **** 
  71:Src/usart.c   ****     GPIO_InitStruct.Pin = GPIO_PIN_10;
  72:Src/usart.c   ****     GPIO_InitStruct.Mode = GPIO_MODE_INPUT;
  73:Src/usart.c   ****     GPIO_InitStruct.Pull = GPIO_NOPULL;
  74:Src/usart.c   ****     HAL_GPIO_Init(GPIOA, &GPIO_InitStruct);
  75:Src/usart.c   **** 
  76:Src/usart.c   ****   /* USER CODE BEGIN USART1_MspInit 1 */
  77:Src/usart.c   **** 
  78:Src/usart.c   ****   /* USER CODE END USART1_MspInit 1 */
  79:Src/usart.c   ****   }
  80:Src/usart.c   **** }
 128              		.loc 1 80 1 view .LVU30
 129 0016 06B0     		add	sp, sp, #24
 130              	.LCFI3:
 131              		.cfi_remember_state
 132              		.cfi_def_cfa_offset 8
 133              		@ sp needed
 134 0018 10BD     		pop	{r4, pc}
 135              	.LVL4:
 136              	.L10:
 137              	.LCFI4:
 138              		.cfi_restore_state
  59:Src/usart.c   ****   
 139              		.loc 1 59 5 is_stmt 1 view .LVU31
 140              	.LBB2:
  59:Src/usart.c   ****   
 141              		.loc 1 59 5 view .LVU32
  59:Src/usart.c   ****   
 142              		.loc 1 59 5 view .LVU33
 143 001a 03F55843 		add	r3, r3, #55296
 144 001e 9A69     		ldr	r2, [r3, #24]
 145 0020 42F48042 		orr	r2, r2, #16384
 146 0024 9A61     		str	r2, [r3, #24]
  59:Src/usart.c   ****   
ARM GAS  C:\Users\K\AppData\Local\Temp\ccXhQY01.s 			page 5


 147              		.loc 1 59 5 view .LVU34
 148 0026 9A69     		ldr	r2, [r3, #24]
 149 0028 02F48042 		and	r2, r2, #16384
 150 002c 0092     		str	r2, [sp]
  59:Src/usart.c   ****   
 151              		.loc 1 59 5 view .LVU35
 152 002e 009A     		ldr	r2, [sp]
 153              	.LBE2:
  61:Src/usart.c   ****     /**USART1 GPIO Configuration    
 154              		.loc 1 61 5 view .LVU36
 155              	.LBB3:
  61:Src/usart.c   ****     /**USART1 GPIO Configuration    
 156              		.loc 1 61 5 view .LVU37
  61:Src/usart.c   ****     /**USART1 GPIO Configuration    
 157              		.loc 1 61 5 view .LVU38
 158 0030 9A69     		ldr	r2, [r3, #24]
 159 0032 42F00402 		orr	r2, r2, #4
 160 0036 9A61     		str	r2, [r3, #24]
  61:Src/usart.c   ****     /**USART1 GPIO Configuration    
 161              		.loc 1 61 5 view .LVU39
 162 0038 9B69     		ldr	r3, [r3, #24]
 163 003a 03F00403 		and	r3, r3, #4
 164 003e 0193     		str	r3, [sp, #4]
  61:Src/usart.c   ****     /**USART1 GPIO Configuration    
 165              		.loc 1 61 5 view .LVU40
 166 0040 019B     		ldr	r3, [sp, #4]
 167              	.LBE3:
  66:Src/usart.c   ****     GPIO_InitStruct.Mode = GPIO_MODE_AF_PP;
 168              		.loc 1 66 5 view .LVU41
  66:Src/usart.c   ****     GPIO_InitStruct.Mode = GPIO_MODE_AF_PP;
 169              		.loc 1 66 25 is_stmt 0 view .LVU42
 170 0042 4FF40073 		mov	r3, #512
 171 0046 0293     		str	r3, [sp, #8]
  67:Src/usart.c   ****     GPIO_InitStruct.Speed = GPIO_SPEED_FREQ_HIGH;
 172              		.loc 1 67 5 is_stmt 1 view .LVU43
  67:Src/usart.c   ****     GPIO_InitStruct.Speed = GPIO_SPEED_FREQ_HIGH;
 173              		.loc 1 67 26 is_stmt 0 view .LVU44
 174 0048 0223     		movs	r3, #2
 175 004a 0393     		str	r3, [sp, #12]
  68:Src/usart.c   ****     HAL_GPIO_Init(GPIOA, &GPIO_InitStruct);
 176              		.loc 1 68 5 is_stmt 1 view .LVU45
  68:Src/usart.c   ****     HAL_GPIO_Init(GPIOA, &GPIO_InitStruct);
 177              		.loc 1 68 27 is_stmt 0 view .LVU46
 178 004c 0323     		movs	r3, #3
 179 004e 0593     		str	r3, [sp, #20]
  69:Src/usart.c   **** 
 180              		.loc 1 69 5 is_stmt 1 view .LVU47
 181 0050 084C     		ldr	r4, .L11+4
 182 0052 02A9     		add	r1, sp, #8
 183 0054 2046     		mov	r0, r4
 184              	.LVL5:
  69:Src/usart.c   **** 
 185              		.loc 1 69 5 is_stmt 0 view .LVU48
 186 0056 FFF7FEFF 		bl	HAL_GPIO_Init
 187              	.LVL6:
  71:Src/usart.c   ****     GPIO_InitStruct.Mode = GPIO_MODE_INPUT;
 188              		.loc 1 71 5 is_stmt 1 view .LVU49
ARM GAS  C:\Users\K\AppData\Local\Temp\ccXhQY01.s 			page 6


  71:Src/usart.c   ****     GPIO_InitStruct.Mode = GPIO_MODE_INPUT;
 189              		.loc 1 71 25 is_stmt 0 view .LVU50
 190 005a 4FF48063 		mov	r3, #1024
 191 005e 0293     		str	r3, [sp, #8]
  72:Src/usart.c   ****     GPIO_InitStruct.Pull = GPIO_NOPULL;
 192              		.loc 1 72 5 is_stmt 1 view .LVU51
  72:Src/usart.c   ****     GPIO_InitStruct.Pull = GPIO_NOPULL;
 193              		.loc 1 72 26 is_stmt 0 view .LVU52
 194 0060 0023     		movs	r3, #0
 195 0062 0393     		str	r3, [sp, #12]
  73:Src/usart.c   ****     HAL_GPIO_Init(GPIOA, &GPIO_InitStruct);
 196              		.loc 1 73 5 is_stmt 1 view .LVU53
  73:Src/usart.c   ****     HAL_GPIO_Init(GPIOA, &GPIO_InitStruct);
 197              		.loc 1 73 26 is_stmt 0 view .LVU54
 198 0064 0493     		str	r3, [sp, #16]
  74:Src/usart.c   **** 
 199              		.loc 1 74 5 is_stmt 1 view .LVU55
 200 0066 02A9     		add	r1, sp, #8
 201 0068 2046     		mov	r0, r4
 202 006a FFF7FEFF 		bl	HAL_GPIO_Init
 203              	.LVL7:
 204              		.loc 1 80 1 is_stmt 0 view .LVU56
 205 006e D2E7     		b	.L7
 206              	.L12:
 207              		.align	2
 208              	.L11:
 209 0070 00380140 		.word	1073821696
 210 0074 00080140 		.word	1073809408
 211              		.cfi_endproc
 212              	.LFE67:
 214              		.section	.text.HAL_UART_MspDeInit,"ax",%progbits
 215              		.align	1
 216              		.global	HAL_UART_MspDeInit
 217              		.syntax unified
 218              		.thumb
 219              		.thumb_func
 220              		.fpu softvfp
 222              	HAL_UART_MspDeInit:
 223              	.LVL8:
 224              	.LFB68:
  81:Src/usart.c   **** 
  82:Src/usart.c   **** void HAL_UART_MspDeInit(UART_HandleTypeDef* uartHandle)
  83:Src/usart.c   **** {
 225              		.loc 1 83 1 is_stmt 1 view -0
 226              		.cfi_startproc
 227              		@ args = 0, pretend = 0, frame = 0
 228              		@ frame_needed = 0, uses_anonymous_args = 0
 229              		.loc 1 83 1 is_stmt 0 view .LVU58
 230 0000 08B5     		push	{r3, lr}
 231              	.LCFI5:
 232              		.cfi_def_cfa_offset 8
 233              		.cfi_offset 3, -8
 234              		.cfi_offset 14, -4
  84:Src/usart.c   **** 
  85:Src/usart.c   ****   if(uartHandle->Instance==USART1)
 235              		.loc 1 85 3 is_stmt 1 view .LVU59
 236              		.loc 1 85 16 is_stmt 0 view .LVU60
ARM GAS  C:\Users\K\AppData\Local\Temp\ccXhQY01.s 			page 7


 237 0002 0268     		ldr	r2, [r0]
 238              		.loc 1 85 5 view .LVU61
 239 0004 074B     		ldr	r3, .L17
 240 0006 9A42     		cmp	r2, r3
 241 0008 00D0     		beq	.L16
 242              	.LVL9:
 243              	.L13:
  86:Src/usart.c   ****   {
  87:Src/usart.c   ****   /* USER CODE BEGIN USART1_MspDeInit 0 */
  88:Src/usart.c   **** 
  89:Src/usart.c   ****   /* USER CODE END USART1_MspDeInit 0 */
  90:Src/usart.c   ****     /* Peripheral clock disable */
  91:Src/usart.c   ****     __HAL_RCC_USART1_CLK_DISABLE();
  92:Src/usart.c   ****   
  93:Src/usart.c   ****     /**USART1 GPIO Configuration    
  94:Src/usart.c   ****     PA9     ------> USART1_TX
  95:Src/usart.c   ****     PA10     ------> USART1_RX 
  96:Src/usart.c   ****     */
  97:Src/usart.c   ****     HAL_GPIO_DeInit(GPIOA, GPIO_PIN_9|GPIO_PIN_10);
  98:Src/usart.c   **** 
  99:Src/usart.c   ****   /* USER CODE BEGIN USART1_MspDeInit 1 */
 100:Src/usart.c   **** 
 101:Src/usart.c   ****   /* USER CODE END USART1_MspDeInit 1 */
 102:Src/usart.c   ****   }
 103:Src/usart.c   **** } 
 244              		.loc 1 103 1 view .LVU62
 245 000a 08BD     		pop	{r3, pc}
 246              	.LVL10:
 247              	.L16:
  91:Src/usart.c   ****   
 248              		.loc 1 91 5 is_stmt 1 view .LVU63
 249 000c 064A     		ldr	r2, .L17+4
 250 000e 9369     		ldr	r3, [r2, #24]
 251 0010 23F48043 		bic	r3, r3, #16384
 252 0014 9361     		str	r3, [r2, #24]
  97:Src/usart.c   **** 
 253              		.loc 1 97 5 view .LVU64
 254 0016 4FF4C061 		mov	r1, #1536
 255 001a 0448     		ldr	r0, .L17+8
 256              	.LVL11:
  97:Src/usart.c   **** 
 257              		.loc 1 97 5 is_stmt 0 view .LVU65
 258 001c FFF7FEFF 		bl	HAL_GPIO_DeInit
 259              	.LVL12:
 260              		.loc 1 103 1 view .LVU66
 261 0020 F3E7     		b	.L13
 262              	.L18:
 263 0022 00BF     		.align	2
 264              	.L17:
 265 0024 00380140 		.word	1073821696
 266 0028 00100240 		.word	1073876992
 267 002c 00080140 		.word	1073809408
 268              		.cfi_endproc
 269              	.LFE68:
 271              		.comm	huart1,64,4
 272              		.text
 273              	.Letext0:
ARM GAS  C:\Users\K\AppData\Local\Temp\ccXhQY01.s 			page 8


 274              		.file 2 "c:\\gnu tools arm embedded\\8 2019-q3-update\\arm-none-eabi\\include\\machine\\_default_t
 275              		.file 3 "c:\\gnu tools arm embedded\\8 2019-q3-update\\arm-none-eabi\\include\\sys\\_stdint.h"
 276              		.file 4 "Drivers/CMSIS/Include/core_cm3.h"
 277              		.file 5 "Drivers/CMSIS/Device/ST/STM32F1xx/Include/system_stm32f1xx.h"
 278              		.file 6 "Drivers/CMSIS/Device/ST/STM32F1xx/Include/stm32f103xe.h"
 279              		.file 7 "c:\\gnu tools arm embedded\\8 2019-q3-update\\lib\\gcc\\arm-none-eabi\\8.3.1\\include\\st
 280              		.file 8 "c:\\gnu tools arm embedded\\8 2019-q3-update\\arm-none-eabi\\include\\sys\\_types.h"
 281              		.file 9 "c:\\gnu tools arm embedded\\8 2019-q3-update\\arm-none-eabi\\include\\sys\\reent.h"
 282              		.file 10 "c:\\gnu tools arm embedded\\8 2019-q3-update\\arm-none-eabi\\include\\sys\\lock.h"
 283              		.file 11 "Drivers/STM32F1xx_HAL_Driver/Inc/stm32f1xx_hal_def.h"
 284              		.file 12 "Drivers/STM32F1xx_HAL_Driver/Inc/stm32f1xx_hal_gpio.h"
 285              		.file 13 "Drivers/STM32F1xx_HAL_Driver/Inc/stm32f1xx_hal_dma.h"
 286              		.file 14 "Drivers/STM32F1xx_HAL_Driver/Inc/stm32f1xx_hal_uart.h"
 287              		.file 15 "Drivers/STM32F1xx_HAL_Driver/Inc/stm32f1xx_hal.h"
 288              		.file 16 "Inc/usart.h"
 289              		.file 17 "Inc/main.h"
ARM GAS  C:\Users\K\AppData\Local\Temp\ccXhQY01.s 			page 9


DEFINED SYMBOLS
                            *ABS*:00000000 usart.c
C:\Users\K\AppData\Local\Temp\ccXhQY01.s:16     .text.MX_USART1_UART_Init:00000000 $t
C:\Users\K\AppData\Local\Temp\ccXhQY01.s:24     .text.MX_USART1_UART_Init:00000000 MX_USART1_UART_Init
C:\Users\K\AppData\Local\Temp\ccXhQY01.s:83     .text.MX_USART1_UART_Init:0000002c $d
                            *COM*:00000040 huart1
C:\Users\K\AppData\Local\Temp\ccXhQY01.s:89     .text.HAL_UART_MspInit:00000000 $t
C:\Users\K\AppData\Local\Temp\ccXhQY01.s:96     .text.HAL_UART_MspInit:00000000 HAL_UART_MspInit
C:\Users\K\AppData\Local\Temp\ccXhQY01.s:209    .text.HAL_UART_MspInit:00000070 $d
C:\Users\K\AppData\Local\Temp\ccXhQY01.s:215    .text.HAL_UART_MspDeInit:00000000 $t
C:\Users\K\AppData\Local\Temp\ccXhQY01.s:222    .text.HAL_UART_MspDeInit:00000000 HAL_UART_MspDeInit
C:\Users\K\AppData\Local\Temp\ccXhQY01.s:265    .text.HAL_UART_MspDeInit:00000024 $d

UNDEFINED SYMBOLS
HAL_UART_Init
Error_Handler
HAL_GPIO_Init
HAL_GPIO_DeInit
